<?xml version="1.0" encoding="UTF-8"?>
<testng-results ignored="0" total="1" passed="0" failed="1" skipped="0">
  <reporter-output>
  </reporter-output>
  <suite started-at="2021-04-19T19:54:48 IST" name="Default Suite" finished-at="2021-04-19T19:56:47 IST" duration-ms="118974">
    <groups>
    </groups>
    <test started-at="2021-04-19T19:54:48 IST" name="project" finished-at="2021-04-19T19:56:47 IST" duration-ms="118974">
      <class name="com.sel.LaunchBrowser">
        <test-method is-config="true" signature="setUp()[pri:0, instance:com.sel.LaunchBrowser@131774fe]" started-at="2021-04-19T19:54:48 IST" name="setUp" finished-at="2021-04-19T19:55:02 IST" duration-ms="13434" status="PASS">
          <reporter-output>
          </reporter-output>
        </test-method> <!-- setUp -->
        <test-method signature="browserlaunch()[pri:0, instance:com.sel.LaunchBrowser@131774fe]" started-at="2021-04-19T19:55:02 IST" name="browserlaunch" finished-at="2021-04-19T19:56:47 IST" duration-ms="104901" status="FAIL">
          <exception class="java.lang.AssertionError">
            <message>
              <![CDATA[Registered expected [MY ACCOUNT] but found [Your order on My Store is complete.]]]>
            </message>
            <full-stacktrace>
              <![CDATA[java.lang.AssertionError: Registered expected [MY ACCOUNT] but found [Your order on My Store is complete.]
at org.testng.Assert.fail(Assert.java:99)
at org.testng.Assert.failNotEquals(Assert.java:1037)
at org.testng.Assert.assertEqualsImpl(Assert.java:140)
at org.testng.Assert.assertEquals(Assert.java:122)
at org.testng.Assert.assertEquals(Assert.java:629)
at com.sel.LaunchBrowser.browserlaunch(LaunchBrowser.java:76)
at java.base/jdk.internal.reflect.NativeMethodAccessorImpl.invoke0(Native Method)
at java.base/jdk.internal.reflect.NativeMethodAccessorImpl.invoke(NativeMethodAccessorImpl.java:62)
at java.base/jdk.internal.reflect.DelegatingMethodAccessorImpl.invoke(DelegatingMethodAccessorImpl.java:43)
at java.base/java.lang.reflect.Method.invoke(Method.java:566)
at org.testng.internal.MethodInvocationHelper.invokeMethod(MethodInvocationHelper.java:132)
at org.testng.internal.TestInvoker.invokeMethod(TestInvoker.java:599)
at org.testng.internal.TestInvoker.invokeTestMethod(TestInvoker.java:174)
at org.testng.internal.MethodRunner.runInSequence(MethodRunner.java:46)
at org.testng.internal.TestInvoker$MethodInvocationAgent.invoke(TestInvoker.java:822)
at org.testng.internal.TestInvoker.invokeTestMethods(TestInvoker.java:147)
at org.testng.internal.TestMethodWorker.invokeTestMethods(TestMethodWorker.java:146)
at org.testng.internal.TestMethodWorker.run(TestMethodWorker.java:128)
at java.base/java.util.ArrayList.forEach(ArrayList.java:1540)
at org.testng.TestRunner.privateRun(TestRunner.java:764)
at org.testng.TestRunner.run(TestRunner.java:585)
at org.testng.SuiteRunner.runTest(SuiteRunner.java:384)
at org.testng.SuiteRunner.runSequentially(SuiteRunner.java:378)
at org.testng.SuiteRunner.privateRun(SuiteRunner.java:337)
at org.testng.SuiteRunner.run(SuiteRunner.java:286)
at org.testng.SuiteRunnerWorker.runSuite(SuiteRunnerWorker.java:53)
at org.testng.SuiteRunnerWorker.run(SuiteRunnerWorker.java:96)
at org.testng.TestNG.runSuitesSequentially(TestNG.java:1218)
at org.testng.TestNG.runSuitesLocally(TestNG.java:1140)
at org.testng.TestNG.runSuites(TestNG.java:1069)
at org.testng.TestNG.run(TestNG.java:1037)
at com.intellij.rt.testng.IDEARemoteTestNG.run(IDEARemoteTestNG.java:66)
at com.intellij.rt.testng.RemoteTestNGStarter.main(RemoteTestNGStarter.java:109)
]]>
            </full-stacktrace>
          </exception> <!-- java.lang.AssertionError -->
          <reporter-output>
          </reporter-output>
        </test-method> <!-- browserlaunch -->
        <test-method is-config="true" signature="tearDown(org.testng.ITestResult)[pri:0, instance:com.sel.LaunchBrowser@131774fe]" started-at="2021-04-19T19:56:47 IST" name="tearDown" finished-at="2021-04-19T19:56:47 IST" duration-ms="607" status="PASS">
          <params>
            <param index="0">
              <value>
                <![CDATA[[TestResult name=browserlaunch status=FAILURE method=LaunchBrowser.browserlaunch()[pri:0, instance:com.sel.LaunchBrowser@131774fe] output={null}]]]>
              </value>
            </param>
          </params>
          <reporter-output>
          </reporter-output>
        </test-method> <!-- tearDown -->
      </class> <!-- com.sel.LaunchBrowser -->
    </test> <!-- project -->
  </suite> <!-- Default Suite -->
</testng-results>
