<?xml version="1.0" encoding="UTF-8"?>
<!-- Generated by org.testng.reporters.JUnitXMLReporter -->
<testsuite ignored="0" hostname="Sumaiyas-MacBook-Pro.local" failures="1" tests="1" name="project" time="118.974" errors="0" timestamp="2021-04-19T19:56:52 IST">
  <testcase classname="com.sel.LaunchBrowser" name="browserlaunch" time="104.901">
    <failure type="java.lang.AssertionError" message="Registered expected [MY ACCOUNT] but found [Your order on My Store is complete.]">
      <![CDATA[java.lang.AssertionError: Registered expected [MY ACCOUNT] but found [Your order on My Store is complete.]
at com.sel.LaunchBrowser.browserlaunch(LaunchBrowser.java:76)
at java.base/java.util.ArrayList.forEach(ArrayList.java:1540)
at com.intellij.rt.testng.IDEARemoteTestNG.run(IDEARemoteTestNG.java:66)
at com.intellij.rt.testng.RemoteTestNGStarter.main(RemoteTestNGStarter.java:109)
... Removed 29 stack frames]]>
    </failure>
  </testcase> <!-- browserlaunch -->
</testsuite> <!-- project -->
